{"C:\\app\\refactoring\\statement copy.js": {"path":"C:\\app\\refactoring\\statement copy.js","statementMap":{"0":{"start":{"line":2,"column":20},"end":{"line":2,"column":21}},"1":{"start":{"line":3,"column":22},"end":{"line":3,"column":23}},"2":{"start":{"line":4,"column":15},"end":{"line":4,"column":52}},"3":{"start":{"line":5,"column":17},"end":{"line":9,"column":11}},"4":{"start":{"line":10,"column":2},"end":{"line":22,"column":3}},"5":{"start":{"line":11,"column":17},"end":{"line":11,"column":35}},"6":{"start":{"line":12,"column":21},"end":{"line":12,"column":42}},"7":{"start":{"line":14,"column":4},"end":{"line":14,"column":53}},"8":{"start":{"line":16,"column":4},"end":{"line":16,"column":79}},"9":{"start":{"line":16,"column":32},"end":{"line":16,"column":79}},"10":{"start":{"line":18,"column":4},"end":{"line":20,"column":16}},"11":{"start":{"line":21,"column":4},"end":{"line":21,"column":30}},"12":{"start":{"line":23,"column":2},"end":{"line":23,"column":60}},"13":{"start":{"line":24,"column":2},"end":{"line":24,"column":52}},"14":{"start":{"line":25,"column":2},"end":{"line":25,"column":16}},"15":{"start":{"line":29,"column":15},"end":{"line":29,"column":16}},"16":{"start":{"line":30,"column":2},"end":{"line":46,"column":3}},"17":{"start":{"line":32,"column":6},"end":{"line":32,"column":21}},"18":{"start":{"line":33,"column":6},"end":{"line":35,"column":7}},"19":{"start":{"line":34,"column":8},"end":{"line":34,"column":46}},"20":{"start":{"line":36,"column":6},"end":{"line":36,"column":12}},"21":{"start":{"line":38,"column":6},"end":{"line":38,"column":21}},"22":{"start":{"line":39,"column":6},"end":{"line":41,"column":7}},"23":{"start":{"line":40,"column":8},"end":{"line":40,"column":53}},"24":{"start":{"line":42,"column":6},"end":{"line":42,"column":36}},"25":{"start":{"line":43,"column":6},"end":{"line":43,"column":12}},"26":{"start":{"line":45,"column":6},"end":{"line":45,"column":60}},"27":{"start":{"line":47,"column":2},"end":{"line":47,"column":16}},"28":{"start":{"line":50,"column":0},"end":{"line":50,"column":31}}},"fnMap":{"0":{"name":"statement","decl":{"start":{"line":1,"column":9},"end":{"line":1,"column":18}},"loc":{"start":{"line":1,"column":35},"end":{"line":26,"column":1}},"line":1},"1":{"name":"amountFor","decl":{"start":{"line":28,"column":9},"end":{"line":28,"column":18}},"loc":{"start":{"line":28,"column":39},"end":{"line":48,"column":1}},"line":28}},"branchMap":{"0":{"loc":{"start":{"line":16,"column":4},"end":{"line":16,"column":79}},"type":"if","locations":[{"start":{"line":16,"column":4},"end":{"line":16,"column":79}},{"start":{},"end":{}}],"line":16},"1":{"loc":{"start":{"line":30,"column":2},"end":{"line":46,"column":3}},"type":"switch","locations":[{"start":{"line":31,"column":4},"end":{"line":36,"column":12}},{"start":{"line":37,"column":4},"end":{"line":43,"column":12}},{"start":{"line":44,"column":4},"end":{"line":45,"column":60}}],"line":30},"2":{"loc":{"start":{"line":33,"column":6},"end":{"line":35,"column":7}},"type":"if","locations":[{"start":{"line":33,"column":6},"end":{"line":35,"column":7}},{"start":{},"end":{}}],"line":33},"3":{"loc":{"start":{"line":39,"column":6},"end":{"line":41,"column":7}},"type":"if","locations":[{"start":{"line":39,"column":6},"end":{"line":41,"column":7}},{"start":{},"end":{}}],"line":39}},"s":{"0":0,"1":0,"2":0,"3":0,"4":0,"5":0,"6":0,"7":0,"8":0,"9":0,"10":0,"11":0,"12":0,"13":0,"14":0,"15":0,"16":0,"17":0,"18":0,"19":0,"20":0,"21":0,"22":0,"23":0,"24":0,"25":0,"26":0,"27":0,"28":0},"f":{"0":0,"1":0},"b":{"0":[0,0],"1":[0,0,0],"2":[0,0],"3":[0,0]}}
,"C:\\app\\refactoring\\statement.js": {"path":"C:\\app\\refactoring\\statement.js","statementMap":{"0":{"start":{"line":2,"column":20},"end":{"line":2,"column":21}},"1":{"start":{"line":3,"column":22},"end":{"line":3,"column":23}},"2":{"start":{"line":4,"column":15},"end":{"line":4,"column":52}},"3":{"start":{"line":5,"column":17},"end":{"line":9,"column":11}},"4":{"start":{"line":10,"column":2},"end":{"line":22,"column":3}},"5":{"start":{"line":11,"column":17},"end":{"line":11,"column":35}},"6":{"start":{"line":12,"column":21},"end":{"line":12,"column":42}},"7":{"start":{"line":14,"column":4},"end":{"line":14,"column":53}},"8":{"start":{"line":16,"column":4},"end":{"line":16,"column":79}},"9":{"start":{"line":16,"column":32},"end":{"line":16,"column":79}},"10":{"start":{"line":18,"column":4},"end":{"line":20,"column":16}},"11":{"start":{"line":21,"column":4},"end":{"line":21,"column":30}},"12":{"start":{"line":23,"column":2},"end":{"line":23,"column":60}},"13":{"start":{"line":24,"column":2},"end":{"line":24,"column":52}},"14":{"start":{"line":25,"column":2},"end":{"line":25,"column":16}},"15":{"start":{"line":29,"column":15},"end":{"line":29,"column":16}},"16":{"start":{"line":30,"column":2},"end":{"line":46,"column":3}},"17":{"start":{"line":32,"column":6},"end":{"line":32,"column":21}},"18":{"start":{"line":33,"column":6},"end":{"line":35,"column":7}},"19":{"start":{"line":34,"column":8},"end":{"line":34,"column":46}},"20":{"start":{"line":36,"column":6},"end":{"line":36,"column":12}},"21":{"start":{"line":38,"column":6},"end":{"line":38,"column":21}},"22":{"start":{"line":39,"column":6},"end":{"line":41,"column":7}},"23":{"start":{"line":40,"column":8},"end":{"line":40,"column":53}},"24":{"start":{"line":42,"column":6},"end":{"line":42,"column":36}},"25":{"start":{"line":43,"column":6},"end":{"line":43,"column":12}},"26":{"start":{"line":45,"column":6},"end":{"line":45,"column":60}},"27":{"start":{"line":47,"column":2},"end":{"line":47,"column":16}},"28":{"start":{"line":50,"column":0},"end":{"line":50,"column":31}}},"fnMap":{"0":{"name":"statement","decl":{"start":{"line":1,"column":9},"end":{"line":1,"column":18}},"loc":{"start":{"line":1,"column":35},"end":{"line":26,"column":1}},"line":1},"1":{"name":"amountFor","decl":{"start":{"line":28,"column":9},"end":{"line":28,"column":18}},"loc":{"start":{"line":28,"column":39},"end":{"line":48,"column":1}},"line":28}},"branchMap":{"0":{"loc":{"start":{"line":16,"column":4},"end":{"line":16,"column":79}},"type":"if","locations":[{"start":{"line":16,"column":4},"end":{"line":16,"column":79}},{"start":{},"end":{}}],"line":16},"1":{"loc":{"start":{"line":30,"column":2},"end":{"line":46,"column":3}},"type":"switch","locations":[{"start":{"line":31,"column":4},"end":{"line":36,"column":12}},{"start":{"line":37,"column":4},"end":{"line":43,"column":12}},{"start":{"line":44,"column":4},"end":{"line":45,"column":60}}],"line":30},"2":{"loc":{"start":{"line":33,"column":6},"end":{"line":35,"column":7}},"type":"if","locations":[{"start":{"line":33,"column":6},"end":{"line":35,"column":7}},{"start":{},"end":{}}],"line":33},"3":{"loc":{"start":{"line":39,"column":6},"end":{"line":41,"column":7}},"type":"if","locations":[{"start":{"line":39,"column":6},"end":{"line":41,"column":7}},{"start":{},"end":{}}],"line":39}},"s":{"0":24,"1":24,"2":24,"3":24,"4":24,"5":26,"6":26,"7":24,"8":24,"9":8,"10":24,"11":24,"12":22,"13":22,"14":22,"15":26,"16":26,"17":16,"18":16,"19":11,"20":16,"21":8,"22":8,"23":6,"24":8,"25":8,"26":1,"27":24,"28":1},"f":{"0":24,"1":26},"b":{"0":[8,16],"1":[16,8,1],"2":[11,5],"3":[6,2]},"_coverageSchema":"1a1c01bbd47fc00a2c39e90264f33305004495a9","hash":"04f98dbdadf4901955fe21187aa81462d1b4d9de"}
}
