TN:
SF:statement copy.js
FN:1,statement
FN:28,amountFor
FNF:2
FNH:0
FNDA:0,statement
FNDA:0,amountFor
DA:2,0
DA:3,0
DA:4,0
DA:5,0
DA:10,0
DA:11,0
DA:12,0
DA:14,0
DA:16,0
DA:18,0
DA:21,0
DA:23,0
DA:24,0
DA:25,0
DA:29,0
DA:30,0
DA:32,0
DA:33,0
DA:34,0
DA:36,0
DA:38,0
DA:39,0
DA:40,0
DA:42,0
DA:43,0
DA:45,0
DA:47,0
DA:50,0
LF:28
LH:0
BRDA:16,0,0,0
BRDA:16,0,1,0
BRDA:30,1,0,0
BRDA:30,1,1,0
BRDA:30,1,2,0
BRDA:33,2,0,0
BRDA:33,2,1,0
BRDA:39,3,0,0
BRDA:39,3,1,0
BRF:9
BRH:0
end_of_record
TN:
SF:statement.js
FN:1,statement
FN:28,amountFor
FNF:2
FNH:2
FNDA:24,statement
FNDA:26,amountFor
DA:2,24
DA:3,24
DA:4,24
DA:5,24
DA:10,24
DA:11,26
DA:12,26
DA:14,24
DA:16,24
DA:18,24
DA:21,24
DA:23,22
DA:24,22
DA:25,22
DA:29,26
DA:30,26
DA:32,16
DA:33,16
DA:34,11
DA:36,16
DA:38,8
DA:39,8
DA:40,6
DA:42,8
DA:43,8
DA:45,1
DA:47,24
DA:50,1
LF:28
LH:28
BRDA:16,0,0,8
BRDA:16,0,1,16
BRDA:30,1,0,16
BRDA:30,1,1,8
BRDA:30,1,2,1
BRDA:33,2,0,11
BRDA:33,2,1,5
BRDA:39,3,0,6
BRDA:39,3,1,2
BRF:9
BRH:9
end_of_record
